<?xml version="1.0" encoding="UTF-8"?>
<!-- Generated by org.testng.reporters.JUnitXMLReporter -->
<testsuite hostname="hiteshs-MacBook-Pro.local" ignored="0" name="Default test" tests="3" failures="0" timestamp="14 Feb 2018 09:52:17 GMT" time="58.062" errors="0">
  <testcase name="runApp" time="8.108" classname="desktopapp.WelcomeScreen"/>
  <testcase name="welc_screen_verify" time="3.741" classname="desktopapp.WelcomeScreen"/>
  <testcase name="clickable_link" time="46.158" classname="desktopapp.WelcomeScreen"/>
</testsuite> <!-- Default test -->
