<?xml version="1.0" encoding="UTF-8"?>
<!-- Generated by org.testng.reporters.JUnitXMLReporter -->
<testsuite hostname="hiteshs-MacBook-Pro.local" ignored="0" name="Buildbox suite 1" tests="10" failures="0" timestamp="07 Feb 2018 12:34:54 GMT" time="170.5" errors="0">
  <testcase name="runApp" time="8.21" classname="desktopapp.WelcomeScreen"/>
  <testcase name="welc_screen_verify" time="20.868" classname="desktopapp.WelcomeScreen"/>
  <testcase name="clickable_link" time="62.907" classname="desktopapp.WelcomeScreen"/>
  <testcase name="creator_New_Game_Name" time="11.305" classname="desktopapp.CreatorScreen"/>
  <testcase name="verify_Game_type" time="14.506" classname="desktopapp.CreatorScreen"/>
  <testcase name="verify_drop_down_basis_section" time="10.872" classname="desktopapp.CreatorScreen"/>
  <testcase name="word_settins_drop_down" time="13.956" classname="desktopapp.CreatorScreen"/>
  <testcase name="menu_setting" time="3.565" classname="desktopapp.CreatorScreen"/>
  <testcase name="create_gmae" time="1.733" classname="desktopapp.Our_New_Game_Screen"/>
  <testcase name="OurGmae_screen_element" time="22.488" classname="desktopapp.Our_New_Game_Screen"/>
</testsuite> <!-- Buildbox suite 1 -->
