<?xml version="1.0" encoding="UTF-8"?>
<!-- Generated by org.testng.reporters.JUnitXMLReporter -->
<testsuite hostname="hiteshs-MacBook-Pro.local" ignored="0" name="Regression suite 1" tests="11" failures="0" timestamp="14 Feb 2018 09:54:51 GMT" time="130.489" errors="0">
  <testcase name="runApp" time="8.105" classname="desktopapp.WelcomeScreen"/>
  <testcase name="welc_screen_verify" time="3.811" classname="desktopapp.WelcomeScreen"/>
  <testcase name="clickable_link" time="47.371" classname="desktopapp.WelcomeScreen"/>
  <testcase name="creator_New_Game_Name" time="10.414" classname="desktopapp.CreatorScreen"/>
  <testcase name="verify_Game_type" time="1.52" classname="desktopapp.CreatorScreen"/>
  <testcase name="verify_drop_down_basis_section" time="11.36" classname="desktopapp.CreatorScreen"/>
  <testcase name="word_settins_drop_down" time="13.813" classname="desktopapp.CreatorScreen"/>
  <testcase name="menu_setting" time="3.296" classname="desktopapp.CreatorScreen"/>
  <testcase name="create_gmae" time="1.804" classname="desktopapp.Our_New_Game_Screen"/>
  <testcase name="OurGmae_screen_element" time="19.992" classname="desktopapp.Our_New_Game_Screen"/>
  <testcase name="Objects_screen_element" time="8.902" classname="desktopapp.Our_New_Game_Screen"/>
</testsuite> <!-- Regression suite 1 -->
