<?xml version="1.0" encoding="UTF-8"?>
<!-- Generated by org.testng.reporters.JUnitXMLReporter -->
<testsuite hostname="hiteshs-MacBook-Pro.local" ignored="0" name="Regression suite 1" tests="10" failures="0" timestamp="07 Feb 2018 13:28:08 GMT" time="179.557" errors="0">
  <testcase name="runApp" time="8.18" classname="desktopapp.WelcomeScreen"/>
  <testcase name="welc_screen_verify" time="5.319" classname="desktopapp.WelcomeScreen"/>
  <testcase name="clickable_link" time="66.345" classname="desktopapp.WelcomeScreen"/>
  <testcase name="creator_New_Game_Name" time="11.129" classname="desktopapp.CreatorScreen"/>
  <testcase name="verify_Game_type" time="15.189" classname="desktopapp.CreatorScreen"/>
  <testcase name="verify_drop_down_basis_section" time="11.505" classname="desktopapp.CreatorScreen"/>
  <testcase name="word_settins_drop_down" time="25.931" classname="desktopapp.CreatorScreen"/>
  <testcase name="menu_setting" time="3.275" classname="desktopapp.CreatorScreen"/>
  <testcase name="create_gmae" time="1.824" classname="desktopapp.Our_New_Game_Screen"/>
  <testcase name="OurGmae_screen_element" time="30.772" classname="desktopapp.Our_New_Game_Screen"/>
</testsuite> <!-- Regression suite 1 -->
